function: no_param_f
positional parameters:  none
keyword parameters: none
return: None

function: pos_args_f
positional parameters:  [10, 30]
keyword parameters: none
return: True

function: kw_args_f
positional parameters:  none
keyword parameters: {'d': 10, 'm': 60}
return: <function logger_decorator at 0x00000207CC4AA2A0>

function: no_param_f
positional parameters:  none
keyword parameters: none
return: None

function: pos_args_f
positional parameters:  [10, 30]
keyword parameters: none
return: True

function: kw_args_f
positional parameters:  none
keyword parameters: {'d': 10, 'm': 60}
return: <function logger_decorator at 0x0000015D3073A2A0>

